<?xml version="1.0" encoding="UTF-8" ?>
<testsuite errors="2" failures="0" hostname="DESKTOP-H3K5A4R" name="com.civihr.test.automation.Commons" skipped="0" tests="2" time="0.084" timestamp="2016-08-15T15:59:48">
  <properties>
[...]
</properties>
  <testcase classname="com.civihr.test.automation.Commons" name="initializationError" time="0.001">
    <error message="Test class should have exactly one public zero-argument constructor" type="java.lang.Exception">java.lang.Exception: Test class should have exactly one public zero-argument constructor
	at java.lang.reflect.Constructor.newInstance(Constructor.java:423)
</error>
    <error message="No runnable methods" type="java.lang.Exception">java.lang.Exception: No runnable methods
	at java.lang.reflect.Constructor.newInstance(Constructor.java:423)
</error>
  </testcase>
  <system-out><![CDATA[]]></system-out>
  <system-err><![CDATA[]]></system-err>
</testsuite>
