Testsuite: com.civihr.test.automation.Commons
Tests run: 2, Failures: 0, Errors: 2, Skipped: 0, Time elapsed: 0.084 sec

Testcase: initializationError took 0.006 sec
	Caused an ERROR
Test class should have exactly one public zero-argument constructor
java.lang.Exception: Test class should have exactly one public zero-argument constructor
	at java.lang.reflect.Constructor.newInstance(Constructor.java:423)

Testcase: initializationError took 0 sec
	Caused an ERROR
No runnable methods
java.lang.Exception: No runnable methods
	at java.lang.reflect.Constructor.newInstance(Constructor.java:423)

