<?xml version="1.0" encoding="UTF-8" ?>
<testsuite errors="3" failures="1" hostname="DESKTOP-H3K5A4R" name="com.civihr.test.automation.EditExistingDocTest" skipped="0" tests="4" time="81.496" timestamp="2016-08-15T15:59:48">
  <properties>
[...]
</properties>
  <testcase classname="com.civihr.test.automation.EditExistingDocTest" name="step1_login" time="0.009">
    <error type="java.lang.NullPointerException">java.lang.NullPointerException
	at com.civihr.test.automation.Commons.goToUrl(Unknown Source)
	at com.civihr.test.automation.EditExistingDocTest.step1_login(Unknown Source)
</error>
  </testcase>
  <testcase classname="com.civihr.test.automation.EditExistingDocTest" name="step2_clickOnDocLink" time="30.472">
    <error message="Expected condition failed: waiting for element to be clickable: By.xpath: .//a[@href=&apos;#/documents&apos;] (tried for 30 second(s) with 500 MILLISECONDS interval)&#xa;Build info: version: &apos;unknown&apos;, revision: &apos;2aa21c1&apos;, time: &apos;2016-08-02 14:59:43 -0700&apos;&#xa;System info: host: &apos;DESKTOP-H3K5A4R&apos;, ip: &apos;192.168.2.123&apos;, os.name: &apos;Windows 10&apos;, os.arch: &apos;amd64&apos;, os.version: &apos;10.0&apos;, java.version: &apos;1.8.0_92&apos;&#xa;Driver info: org.openqa.selenium.firefox.FirefoxDriver&#xa;Capabilities [{rotatable=false, raisesAccessibilityExceptions=false, marionette=true, appBuildId=20160726073904, version=, platform=XP, proxy={}, command_id=1, specificationLevel=0, acceptSslCerts=false, browserVersion=48.0, platformVersion=10.0, XULappId={ec8030f7-c20a-464f-9b0e-13a3a9e97384}, browserName=Firefox, takesScreenshot=true, takesElementScreenshot=true, platformName=Windows_NT, device=desktop}]&#xa;Session ID: c6814450-8b99-44a3-b889-ad0d9e306a1c" type="org.openqa.selenium.TimeoutException">org.openqa.selenium.TimeoutException: Expected condition failed: waiting for element to be clickable: By.xpath: .//a[@href=&apos;#/documents&apos;] (tried for 30 second(s) with 500 MILLISECONDS interval)
Build info: version: &apos;unknown&apos;, revision: &apos;2aa21c1&apos;, time: &apos;2016-08-02 14:59:43 -0700&apos;
System info: host: &apos;DESKTOP-H3K5A4R&apos;, ip: &apos;192.168.2.123&apos;, os.name: &apos;Windows 10&apos;, os.arch: &apos;amd64&apos;, os.version: &apos;10.0&apos;, java.version: &apos;1.8.0_92&apos;
Driver info: org.openqa.selenium.firefox.FirefoxDriver
Capabilities [{rotatable=false, raisesAccessibilityExceptions=false, marionette=true, appBuildId=20160726073904, version=, platform=XP, proxy={}, command_id=1, specificationLevel=0, acceptSslCerts=false, browserVersion=48.0, platformVersion=10.0, XULappId={ec8030f7-c20a-464f-9b0e-13a3a9e97384}, browserName=Firefox, takesScreenshot=true, takesElementScreenshot=true, platformName=Windows_NT, device=desktop}]
Session ID: c6814450-8b99-44a3-b889-ad0d9e306a1c
	at org.openqa.selenium.support.ui.WebDriverWait.timeoutException(WebDriverWait.java:80)
	at org.openqa.selenium.support.ui.FluentWait.until(FluentWait.java:260)
	at com.civihr.test.automation.EditExistingDocTest.step2_clickOnDocLink(Unknown Source)
Caused by: org.openqa.selenium.NoSuchElementException: Unable to locate element: .//a[@href=&apos;#/documents&apos;] (WARNING: The server did not provide any stacktrace information)
Command duration or timeout: 6 milliseconds
For documentation on this error, please visit: http://seleniumhq.org/exceptions/no_such_element.html
Build info: version: &apos;unknown&apos;, revision: &apos;2aa21c1&apos;, time: &apos;2016-08-02 14:59:43 -0700&apos;
System info: host: &apos;DESKTOP-H3K5A4R&apos;, ip: &apos;192.168.2.123&apos;, os.name: &apos;Windows 10&apos;, os.arch: &apos;amd64&apos;, os.version: &apos;10.0&apos;, java.version: &apos;1.8.0_92&apos;
Driver info: org.openqa.selenium.firefox.FirefoxDriver
Capabilities [{rotatable=false, raisesAccessibilityExceptions=false, marionette=true, appBuildId=20160726073904, version=, platform=XP, proxy={}, command_id=1, specificationLevel=0, acceptSslCerts=false, browserVersion=48.0, platformVersion=10.0, XULappId={ec8030f7-c20a-464f-9b0e-13a3a9e97384}, browserName=Firefox, takesScreenshot=true, takesElementScreenshot=true, platformName=Windows_NT, device=desktop}]
Session ID: c6814450-8b99-44a3-b889-ad0d9e306a1c
*** Element info: {Using=xpath, value=.//a[@href=&apos;#/documents&apos;]}
	at java.lang.reflect.Constructor.newInstance(Constructor.java:423)
	at org.openqa.selenium.remote.ErrorHandler.createThrowable(ErrorHandler.java:206)
	at org.openqa.selenium.remote.ErrorHandler.throwIfResponseFailed(ErrorHandler.java:158)
	at org.openqa.selenium.remote.RemoteWebDriver.execute(RemoteWebDriver.java:683)
	at org.openqa.selenium.remote.RemoteWebDriver.findElement(RemoteWebDriver.java:377)
	at org.openqa.selenium.remote.RemoteWebDriver.findElementByXPath(RemoteWebDriver.java:506)
	at org.openqa.selenium.By$ByXPath.findElement(By.java:361)
	at org.openqa.selenium.remote.RemoteWebDriver.findElement(RemoteWebDriver.java:369)
	at org.openqa.selenium.support.ui.ExpectedConditions.findElement(ExpectedConditions.java:895)
	at org.openqa.selenium.support.ui.ExpectedConditions.access$000(ExpectedConditions.java:41)
	at org.openqa.selenium.support.ui.ExpectedConditions$7.apply(ExpectedConditions.java:205)
	at org.openqa.selenium.support.ui.ExpectedConditions$7.apply(ExpectedConditions.java:201)
	at org.openqa.selenium.support.ui.ExpectedConditions$22.apply(ExpectedConditions.java:651)
	at org.openqa.selenium.support.ui.ExpectedConditions$22.apply(ExpectedConditions.java:644)
	at org.openqa.selenium.support.ui.FluentWait.until(FluentWait.java:238)
</error>
  </testcase>
  <testcase classname="com.civihr.test.automation.EditExistingDocTest" name="step3_editDoc" time="0.294">
    <failure message="No docs exist" type="junit.framework.AssertionFailedError">junit.framework.AssertionFailedError: No docs exist
	at com.civihr.test.automation.EditExistingDocTest.step3_editDoc(Unknown Source)
</failure>
  </testcase>
  <testcase classname="com.civihr.test.automation.EditExistingDocTest" name="step4_editDetailsSave" time="30.262">
    <error message="Expected condition failed: waiting for element to be clickable: By.xpath: .//*[@id=&apos;civitasks&apos;]/div/div[1]/div/div/form/div[1]/div/div[1]/div/div/span (tried for 30 second(s) with 500 MILLISECONDS interval)&#xa;Build info: version: &apos;unknown&apos;, revision: &apos;2aa21c1&apos;, time: &apos;2016-08-02 14:59:43 -0700&apos;&#xa;System info: host: &apos;DESKTOP-H3K5A4R&apos;, ip: &apos;192.168.2.123&apos;, os.name: &apos;Windows 10&apos;, os.arch: &apos;amd64&apos;, os.version: &apos;10.0&apos;, java.version: &apos;1.8.0_92&apos;&#xa;Driver info: org.openqa.selenium.firefox.FirefoxDriver&#xa;Capabilities [{rotatable=false, raisesAccessibilityExceptions=false, marionette=true, appBuildId=20160726073904, version=, platform=XP, proxy={}, command_id=1, specificationLevel=0, acceptSslCerts=false, browserVersion=48.0, platformVersion=10.0, XULappId={ec8030f7-c20a-464f-9b0e-13a3a9e97384}, browserName=Firefox, takesScreenshot=true, takesElementScreenshot=true, platformName=Windows_NT, device=desktop}]&#xa;Session ID: 9c51a641-232a-40f1-9d4e-df4ff282672e" type="org.openqa.selenium.TimeoutException">org.openqa.selenium.TimeoutException: Expected condition failed: waiting for element to be clickable: By.xpath: .//*[@id=&apos;civitasks&apos;]/div/div[1]/div/div/form/div[1]/div/div[1]/div/div/span (tried for 30 second(s) with 500 MILLISECONDS interval)
Build info: version: &apos;unknown&apos;, revision: &apos;2aa21c1&apos;, time: &apos;2016-08-02 14:59:43 -0700&apos;
System info: host: &apos;DESKTOP-H3K5A4R&apos;, ip: &apos;192.168.2.123&apos;, os.name: &apos;Windows 10&apos;, os.arch: &apos;amd64&apos;, os.version: &apos;10.0&apos;, java.version: &apos;1.8.0_92&apos;
Driver info: org.openqa.selenium.firefox.FirefoxDriver
Capabilities [{rotatable=false, raisesAccessibilityExceptions=false, marionette=true, appBuildId=20160726073904, version=, platform=XP, proxy={}, command_id=1, specificationLevel=0, acceptSslCerts=false, browserVersion=48.0, platformVersion=10.0, XULappId={ec8030f7-c20a-464f-9b0e-13a3a9e97384}, browserName=Firefox, takesScreenshot=true, takesElementScreenshot=true, platformName=Windows_NT, device=desktop}]
Session ID: 9c51a641-232a-40f1-9d4e-df4ff282672e
	at org.openqa.selenium.support.ui.WebDriverWait.timeoutException(WebDriverWait.java:80)
	at org.openqa.selenium.support.ui.FluentWait.until(FluentWait.java:260)
	at com.civihr.test.automation.EditExistingDocTest.step4_editDetailsSave(Unknown Source)
Caused by: org.openqa.selenium.NoSuchElementException: Unable to locate element: .//*[@id=&apos;civitasks&apos;]/div/div[1]/div/div/form/div[1]/div/div[1]/div/div/span (WARNING: The server did not provide any stacktrace information)
Command duration or timeout: 6 milliseconds
For documentation on this error, please visit: http://seleniumhq.org/exceptions/no_such_element.html
Build info: version: &apos;unknown&apos;, revision: &apos;2aa21c1&apos;, time: &apos;2016-08-02 14:59:43 -0700&apos;
System info: host: &apos;DESKTOP-H3K5A4R&apos;, ip: &apos;192.168.2.123&apos;, os.name: &apos;Windows 10&apos;, os.arch: &apos;amd64&apos;, os.version: &apos;10.0&apos;, java.version: &apos;1.8.0_92&apos;
Driver info: org.openqa.selenium.firefox.FirefoxDriver
Capabilities [{rotatable=false, raisesAccessibilityExceptions=false, marionette=true, appBuildId=20160726073904, version=, platform=XP, proxy={}, command_id=1, specificationLevel=0, acceptSslCerts=false, browserVersion=48.0, platformVersion=10.0, XULappId={ec8030f7-c20a-464f-9b0e-13a3a9e97384}, browserName=Firefox, takesScreenshot=true, takesElementScreenshot=true, platformName=Windows_NT, device=desktop}]
Session ID: 9c51a641-232a-40f1-9d4e-df4ff282672e
*** Element info: {Using=xpath, value=.//*[@id=&apos;civitasks&apos;]/div/div[1]/div/div/form/div[1]/div/div[1]/div/div/span}
	at java.lang.reflect.Constructor.newInstance(Constructor.java:423)
	at org.openqa.selenium.remote.ErrorHandler.createThrowable(ErrorHandler.java:206)
	at org.openqa.selenium.remote.ErrorHandler.throwIfResponseFailed(ErrorHandler.java:158)
	at org.openqa.selenium.remote.RemoteWebDriver.execute(RemoteWebDriver.java:683)
	at org.openqa.selenium.remote.RemoteWebDriver.findElement(RemoteWebDriver.java:377)
	at org.openqa.selenium.remote.RemoteWebDriver.findElementByXPath(RemoteWebDriver.java:506)
	at org.openqa.selenium.By$ByXPath.findElement(By.java:361)
	at org.openqa.selenium.remote.RemoteWebDriver.findElement(RemoteWebDriver.java:369)
	at org.openqa.selenium.support.ui.ExpectedConditions.findElement(ExpectedConditions.java:895)
	at org.openqa.selenium.support.ui.ExpectedConditions.access$000(ExpectedConditions.java:41)
	at org.openqa.selenium.support.ui.ExpectedConditions$7.apply(ExpectedConditions.java:205)
	at org.openqa.selenium.support.ui.ExpectedConditions$7.apply(ExpectedConditions.java:201)
	at org.openqa.selenium.support.ui.ExpectedConditions$22.apply(ExpectedConditions.java:651)
	at org.openqa.selenium.support.ui.ExpectedConditions$22.apply(ExpectedConditions.java:644)
	at org.openqa.selenium.support.ui.FluentWait.until(FluentWait.java:238)
</error>
  </testcase>
  <system-out><![CDATA[]]></system-out>
  <system-err><![CDATA[1471276791231	Marionette	INFO	Listening on port 49381
1471276793404	Marionette	INFO	startBrowser 51bccfed-b62a-4905-b02c-b9eeceebefd0
1471276793415	Marionette	INFO	sendAsync 51bccfed-b62a-4905-b02c-b9eeceebefd0
1471276794079	Marionette	INFO	sendAsync 51bccfed-b62a-4905-b02c-b9eeceebefd0
1471276795889	Marionette	INFO	Listening on port 49400
[Child 15076] WARNING: pipe error: 109: file c:/builds/moz2_slave/m-rel-w32-00000000000000000000/build/src/ipc/chromium/src/chrome/common/ipc_channel_win.cc, line 343
1471276798349	Marionette	INFO	startBrowser c6814450-8b99-44a3-b889-ad0d9e306a1c
1471276798359	Marionette	INFO	sendAsync c6814450-8b99-44a3-b889-ad0d9e306a1c
1471276798737	Marionette	INFO	sendAsync c6814450-8b99-44a3-b889-ad0d9e306a1c
1471276799012	Marionette	INFO	sendAsync c6814450-8b99-44a3-b889-ad0d9e306a1c
1471276799614	Marionette	INFO	sendAsync c6814450-8b99-44a3-b889-ad0d9e306a1c
1471276800122	Marionette	INFO	sendAsync c6814450-8b99-44a3-b889-ad0d9e306a1c
1471276800630	Marionette	INFO	sendAsync c6814450-8b99-44a3-b889-ad0d9e306a1c
1471276801140	Marionette	INFO	sendAsync c6814450-8b99-44a3-b889-ad0d9e306a1c
1471276801648	Marionette	INFO	sendAsync c6814450-8b99-44a3-b889-ad0d9e306a1c
1471276802157	Marionette	INFO	sendAsync c6814450-8b99-44a3-b889-ad0d9e306a1c
1471276802664	Marionette	INFO	sendAsync c6814450-8b99-44a3-b889-ad0d9e306a1c
1471276803170	Marionette	INFO	sendAsync c6814450-8b99-44a3-b889-ad0d9e306a1c
1471276803679	Marionette	INFO	sendAsync c6814450-8b99-44a3-b889-ad0d9e306a1c
1471276804187	Marionette	INFO	sendAsync c6814450-8b99-44a3-b889-ad0d9e306a1c
1471276804696	Marionette	INFO	sendAsync c6814450-8b99-44a3-b889-ad0d9e306a1c
1471276805202	Marionette	INFO	sendAsync c6814450-8b99-44a3-b889-ad0d9e306a1c
1471276805726	Marionette	INFO	sendAsync c6814450-8b99-44a3-b889-ad0d9e306a1c
1471276806233	Marionette	INFO	sendAsync c6814450-8b99-44a3-b889-ad0d9e306a1c
1471276806741	Marionette	INFO	sendAsync c6814450-8b99-44a3-b889-ad0d9e306a1c
1471276807250	Marionette	INFO	sendAsync c6814450-8b99-44a3-b889-ad0d9e306a1c
1471276807757	Marionette	INFO	sendAsync c6814450-8b99-44a3-b889-ad0d9e306a1c
1471276808264	Marionette	INFO	sendAsync c6814450-8b99-44a3-b889-ad0d9e306a1c
1471276808772	Marionette	INFO	sendAsync c6814450-8b99-44a3-b889-ad0d9e306a1c
1471276809280	Marionette	INFO	sendAsync c6814450-8b99-44a3-b889-ad0d9e306a1c
1471276809788	Marionette	INFO	sendAsync c6814450-8b99-44a3-b889-ad0d9e306a1c
1471276810294	Marionette	INFO	sendAsync c6814450-8b99-44a3-b889-ad0d9e306a1c
1471276810802	Marionette	INFO	sendAsync c6814450-8b99-44a3-b889-ad0d9e306a1c
1471276811313	Marionette	INFO	sendAsync c6814450-8b99-44a3-b889-ad0d9e306a1c
1471276811822	Marionette	INFO	sendAsync c6814450-8b99-44a3-b889-ad0d9e306a1c
1471276812330	Marionette	INFO	sendAsync c6814450-8b99-44a3-b889-ad0d9e306a1c
1471276812837	Marionette	INFO	sendAsync c6814450-8b99-44a3-b889-ad0d9e306a1c
1471276813344	Marionette	INFO	sendAsync c6814450-8b99-44a3-b889-ad0d9e306a1c
1471276813850	Marionette	INFO	sendAsync c6814450-8b99-44a3-b889-ad0d9e306a1c
1471276814357	Marionette	INFO	sendAsync c6814450-8b99-44a3-b889-ad0d9e306a1c
1471276814865	Marionette	INFO	sendAsync c6814450-8b99-44a3-b889-ad0d9e306a1c
1471276815372	Marionette	INFO	sendAsync c6814450-8b99-44a3-b889-ad0d9e306a1c
1471276815878	Marionette	INFO	sendAsync c6814450-8b99-44a3-b889-ad0d9e306a1c
1471276816385	Marionette	INFO	sendAsync c6814450-8b99-44a3-b889-ad0d9e306a1c
1471276816894	Marionette	INFO	sendAsync c6814450-8b99-44a3-b889-ad0d9e306a1c
1471276817402	Marionette	INFO	sendAsync c6814450-8b99-44a3-b889-ad0d9e306a1c
1471276817910	Marionette	INFO	sendAsync c6814450-8b99-44a3-b889-ad0d9e306a1c
1471276818417	Marionette	INFO	sendAsync c6814450-8b99-44a3-b889-ad0d9e306a1c
1471276818926	Marionette	INFO	sendAsync c6814450-8b99-44a3-b889-ad0d9e306a1c
1471276819437	Marionette	INFO	sendAsync c6814450-8b99-44a3-b889-ad0d9e306a1c
1471276819946	Marionette	INFO	sendAsync c6814450-8b99-44a3-b889-ad0d9e306a1c
1471276820453	Marionette	INFO	sendAsync c6814450-8b99-44a3-b889-ad0d9e306a1c
1471276820960	Marionette	INFO	sendAsync c6814450-8b99-44a3-b889-ad0d9e306a1c
1471276821473	Marionette	INFO	sendAsync c6814450-8b99-44a3-b889-ad0d9e306a1c
1471276821981	Marionette	INFO	sendAsync c6814450-8b99-44a3-b889-ad0d9e306a1c
1471276822490	Marionette	INFO	sendAsync c6814450-8b99-44a3-b889-ad0d9e306a1c
1471276822998	Marionette	INFO	sendAsync c6814450-8b99-44a3-b889-ad0d9e306a1c
1471276823507	Marionette	INFO	sendAsync c6814450-8b99-44a3-b889-ad0d9e306a1c
1471276824015	Marionette	INFO	sendAsync c6814450-8b99-44a3-b889-ad0d9e306a1c
1471276824522	Marionette	INFO	sendAsync c6814450-8b99-44a3-b889-ad0d9e306a1c
1471276825033	Marionette	INFO	sendAsync c6814450-8b99-44a3-b889-ad0d9e306a1c
1471276825540	Marionette	INFO	sendAsync c6814450-8b99-44a3-b889-ad0d9e306a1c
1471276826046	Marionette	INFO	sendAsync c6814450-8b99-44a3-b889-ad0d9e306a1c
1471276826553	Marionette	INFO	sendAsync c6814450-8b99-44a3-b889-ad0d9e306a1c
1471276827060	Marionette	INFO	sendAsync c6814450-8b99-44a3-b889-ad0d9e306a1c
1471276827569	Marionette	INFO	sendAsync c6814450-8b99-44a3-b889-ad0d9e306a1c
1471276828077	Marionette	INFO	sendAsync c6814450-8b99-44a3-b889-ad0d9e306a1c
1471276828599	Marionette	INFO	sendAsync c6814450-8b99-44a3-b889-ad0d9e306a1c
1471276829106	Marionette	INFO	sendAsync c6814450-8b99-44a3-b889-ad0d9e306a1c
1471276831168	Marionette	INFO	Listening on port 49550
1471276833547	Marionette	INFO	startBrowser ac684292-8b66-4963-8f8f-f47d9757e2b4
1471276833557	Marionette	INFO	sendAsync ac684292-8b66-4963-8f8f-f47d9757e2b4
1471276833944	Marionette	INFO	sendAsync ac684292-8b66-4963-8f8f-f47d9757e2b4
1471276833948	Marionette	INFO	sendAsync ac684292-8b66-4963-8f8f-f47d9757e2b4
1471276836851	Marionette	INFO	Listening on port 49571
1471276839443	Marionette	INFO	startBrowser 9c51a641-232a-40f1-9d4e-df4ff282672e
1471276839455	Marionette	INFO	sendAsync 9c51a641-232a-40f1-9d4e-df4ff282672e
1471276839891	Marionette	INFO	sendAsync 9c51a641-232a-40f1-9d4e-df4ff282672e
1471276839895	Marionette	INFO	sendAsync 9c51a641-232a-40f1-9d4e-df4ff282672e
1471276840487	Marionette	INFO	sendAsync 9c51a641-232a-40f1-9d4e-df4ff282672e
1471276840999	Marionette	INFO	sendAsync 9c51a641-232a-40f1-9d4e-df4ff282672e
1471276841511	Marionette	INFO	sendAsync 9c51a641-232a-40f1-9d4e-df4ff282672e
1471276842021	Marionette	INFO	sendAsync 9c51a641-232a-40f1-9d4e-df4ff282672e
1471276842529	Marionette	INFO	sendAsync 9c51a641-232a-40f1-9d4e-df4ff282672e
1471276843038	Marionette	INFO	sendAsync 9c51a641-232a-40f1-9d4e-df4ff282672e
1471276843544	Marionette	INFO	sendAsync 9c51a641-232a-40f1-9d4e-df4ff282672e
1471276844052	Marionette	INFO	sendAsync 9c51a641-232a-40f1-9d4e-df4ff282672e
1471276844564	Marionette	INFO	sendAsync 9c51a641-232a-40f1-9d4e-df4ff282672e
1471276845075	Marionette	INFO	sendAsync 9c51a641-232a-40f1-9d4e-df4ff282672e
1471276845583	Marionette	INFO	sendAsync 9c51a641-232a-40f1-9d4e-df4ff282672e
1471276846090	Marionette	INFO	sendAsync 9c51a641-232a-40f1-9d4e-df4ff282672e
1471276846596	Marionette	INFO	sendAsync 9c51a641-232a-40f1-9d4e-df4ff282672e
1471276847104	Marionette	INFO	sendAsync 9c51a641-232a-40f1-9d4e-df4ff282672e
1471276847612	Marionette	INFO	sendAsync 9c51a641-232a-40f1-9d4e-df4ff282672e
1471276848121	Marionette	INFO	sendAsync 9c51a641-232a-40f1-9d4e-df4ff282672e
1471276848629	Marionette	INFO	sendAsync 9c51a641-232a-40f1-9d4e-df4ff282672e
1471276849137	Marionette	INFO	sendAsync 9c51a641-232a-40f1-9d4e-df4ff282672e
1471276849647	Marionette	INFO	sendAsync 9c51a641-232a-40f1-9d4e-df4ff282672e
1471276850155	Marionette	INFO	sendAsync 9c51a641-232a-40f1-9d4e-df4ff282672e
1471276850662	Marionette	INFO	sendAsync 9c51a641-232a-40f1-9d4e-df4ff282672e
1471276851170	Marionette	INFO	sendAsync 9c51a641-232a-40f1-9d4e-df4ff282672e
1471276851676	Marionette	INFO	sendAsync 9c51a641-232a-40f1-9d4e-df4ff282672e
1471276852187	Marionette	INFO	sendAsync 9c51a641-232a-40f1-9d4e-df4ff282672e
1471276852757	Marionette	INFO	sendAsync 9c51a641-232a-40f1-9d4e-df4ff282672e
1471276853263	Marionette	INFO	sendAsync 9c51a641-232a-40f1-9d4e-df4ff282672e
1471276853769	Marionette	INFO	sendAsync 9c51a641-232a-40f1-9d4e-df4ff282672e
1471276854275	Marionette	INFO	sendAsync 9c51a641-232a-40f1-9d4e-df4ff282672e
1471276854783	Marionette	INFO	sendAsync 9c51a641-232a-40f1-9d4e-df4ff282672e
1471276855290	Marionette	INFO	sendAsync 9c51a641-232a-40f1-9d4e-df4ff282672e
1471276855796	Marionette	INFO	sendAsync 9c51a641-232a-40f1-9d4e-df4ff282672e
1471276856301	Marionette	INFO	sendAsync 9c51a641-232a-40f1-9d4e-df4ff282672e
1471276856808	Marionette	INFO	sendAsync 9c51a641-232a-40f1-9d4e-df4ff282672e
1471276857314	Marionette	INFO	sendAsync 9c51a641-232a-40f1-9d4e-df4ff282672e
1471276857822	Marionette	INFO	sendAsync 9c51a641-232a-40f1-9d4e-df4ff282672e
1471276858330	Marionette	INFO	sendAsync 9c51a641-232a-40f1-9d4e-df4ff282672e
1471276858838	Marionette	INFO	sendAsync 9c51a641-232a-40f1-9d4e-df4ff282672e
1471276859348	Marionette	INFO	sendAsync 9c51a641-232a-40f1-9d4e-df4ff282672e
1471276859859	Marionette	INFO	sendAsync 9c51a641-232a-40f1-9d4e-df4ff282672e
1471276860367	Marionette	INFO	sendAsync 9c51a641-232a-40f1-9d4e-df4ff282672e
1471276860874	Marionette	INFO	sendAsync 9c51a641-232a-40f1-9d4e-df4ff282672e
1471276861381	Marionette	INFO	sendAsync 9c51a641-232a-40f1-9d4e-df4ff282672e
1471276861887	Marionette	INFO	sendAsync 9c51a641-232a-40f1-9d4e-df4ff282672e
1471276862398	Marionette	INFO	sendAsync 9c51a641-232a-40f1-9d4e-df4ff282672e
1471276862907	Marionette	INFO	sendAsync 9c51a641-232a-40f1-9d4e-df4ff282672e
1471276863414	Marionette	INFO	sendAsync 9c51a641-232a-40f1-9d4e-df4ff282672e
1471276863921	Marionette	INFO	sendAsync 9c51a641-232a-40f1-9d4e-df4ff282672e
1471276864429	Marionette	INFO	sendAsync 9c51a641-232a-40f1-9d4e-df4ff282672e
1471276864939	Marionette	INFO	sendAsync 9c51a641-232a-40f1-9d4e-df4ff282672e
1471276865446	Marionette	INFO	sendAsync 9c51a641-232a-40f1-9d4e-df4ff282672e
1471276865956	Marionette	INFO	sendAsync 9c51a641-232a-40f1-9d4e-df4ff282672e
1471276866463	Marionette	INFO	sendAsync 9c51a641-232a-40f1-9d4e-df4ff282672e
1471276866970	Marionette	INFO	sendAsync 9c51a641-232a-40f1-9d4e-df4ff282672e
1471276867476	Marionette	INFO	sendAsync 9c51a641-232a-40f1-9d4e-df4ff282672e
1471276867982	Marionette	INFO	sendAsync 9c51a641-232a-40f1-9d4e-df4ff282672e
1471276868493	Marionette	INFO	sendAsync 9c51a641-232a-40f1-9d4e-df4ff282672e
1471276869001	Marionette	INFO	sendAsync 9c51a641-232a-40f1-9d4e-df4ff282672e
1471276869508	Marionette	INFO	sendAsync 9c51a641-232a-40f1-9d4e-df4ff282672e
1471276870014	Marionette	INFO	sendAsync 9c51a641-232a-40f1-9d4e-df4ff282672e
]]></system-err>
</testsuite>
